{"C:\\Users\\jeong.JAPAN-REIT\\Documents\\project\\neko\\src\\js\\heading.jsx": {"path":"C:\\Users\\jeong.JAPAN-REIT\\Documents\\project\\neko\\src\\js\\heading.jsx","statementMap":{"0":{"start":{"line":10,"column":16},"end":{"line":13,"column":1}},"1":{"start":{"line":11,"column":21},"end":{"line":11,"column":26}},"2":{"start":{"line":12,"column":4},"end":{"line":12,"column":67}}},"fnMap":{"0":{"name":"(anonymous_0)","decl":{"start":{"line":10,"column":16},"end":{"line":10,"column":17}},"loc":{"start":{"line":10,"column":35},"end":{"line":13,"column":1}},"line":10}},"branchMap":{},"s":{"0":1,"1":1,"2":1},"f":{"0":1},"b":{},"_coverageSchema":"43e27e138ebf9cfc5966b082cf9a028302ed4184","hash":"642091641435107e52a8846a52329f1718830afd"}
,"C:\\Users\\jeong.JAPAN-REIT\\Documents\\project\\neko\\src\\js\\index.js": {"path":"C:\\Users\\jeong.JAPAN-REIT\\Documents\\project\\neko\\src\\js\\index.js","statementMap":{"0":{"start":{"line":6,"column":4},"end":{"line":6,"column":21}},"1":{"start":{"line":7,"column":4},"end":{"line":7,"column":15}},"2":{"start":{"line":11,"column":4},"end":{"line":11,"column":45}}},"fnMap":{"0":{"name":"(anonymous_0)","decl":{"start":{"line":5,"column":2},"end":{"line":5,"column":3}},"loc":{"start":{"line":5,"column":29},"end":{"line":8,"column":3}},"line":5},"1":{"name":"(anonymous_1)","decl":{"start":{"line":10,"column":2},"end":{"line":10,"column":3}},"loc":{"start":{"line":10,"column":8},"end":{"line":12,"column":3}},"line":10}},"branchMap":{},"s":{"0":3,"1":3,"2":4},"f":{"0":3,"1":4},"b":{},"_coverageSchema":"43e27e138ebf9cfc5966b082cf9a028302ed4184","hash":"c92dd874910bee00d2fdc754e330dbaa307092e1"}
}
